0 info it worked if it ends with ok
1 verbose cli [ 'node',
1 verbose cli   '/Users/Snep/.meteor/packages/meteor-tool/.1.3.0_3.mer147++os.osx.x86_64+web.browser+web.cordova/mt-os.osx.x86_64/dev_bundle/bin/npm',
1 verbose cli   'run',
1 verbose cli   'lint' ]
2 info using npm@2.14.22
3 info using node@v0.10.43
4 verbose stack Error: missing script: lint
4 verbose stack     at run (/Users/Snep/.meteor/packages/meteor-tool/.1.3.0_3.mer147++os.osx.x86_64+web.browser+web.cordova/mt-os.osx.x86_64/dev_bundle/lib/node_modules/npm/lib/run-script.js:142:19)
4 verbose stack     at /Users/Snep/.meteor/packages/meteor-tool/.1.3.0_3.mer147++os.osx.x86_64+web.browser+web.cordova/mt-os.osx.x86_64/dev_bundle/lib/node_modules/npm/lib/run-script.js:58:5
4 verbose stack     at /Users/Snep/.meteor/packages/meteor-tool/.1.3.0_3.mer147++os.osx.x86_64+web.browser+web.cordova/mt-os.osx.x86_64/dev_bundle/lib/node_modules/npm/node_modules/read-package-json/read-json.js:345:5
4 verbose stack     at checkBinReferences_ (/Users/Snep/.meteor/packages/meteor-tool/.1.3.0_3.mer147++os.osx.x86_64+web.browser+web.cordova/mt-os.osx.x86_64/dev_bundle/lib/node_modules/npm/node_modules/read-package-json/read-json.js:309:45)
4 verbose stack     at final (/Users/Snep/.meteor/packages/meteor-tool/.1.3.0_3.mer147++os.osx.x86_64+web.browser+web.cordova/mt-os.osx.x86_64/dev_bundle/lib/node_modules/npm/node_modules/read-package-json/read-json.js:343:3)
4 verbose stack     at then (/Users/Snep/.meteor/packages/meteor-tool/.1.3.0_3.mer147++os.osx.x86_64+web.browser+web.cordova/mt-os.osx.x86_64/dev_bundle/lib/node_modules/npm/node_modules/read-package-json/read-json.js:113:5)
4 verbose stack     at /Users/Snep/.meteor/packages/meteor-tool/.1.3.0_3.mer147++os.osx.x86_64+web.browser+web.cordova/mt-os.osx.x86_64/dev_bundle/lib/node_modules/npm/node_modules/read-package-json/read-json.js:284:20
4 verbose stack     at /Users/Snep/.meteor/packages/meteor-tool/.1.3.0_3.mer147++os.osx.x86_64+web.browser+web.cordova/mt-os.osx.x86_64/dev_bundle/lib/node_modules/npm/node_modules/graceful-fs/graceful-fs.js:78:16
4 verbose stack     at fs.js:208:20
4 verbose stack     at /Users/Snep/.meteor/packages/meteor-tool/.1.3.0_3.mer147++os.osx.x86_64+web.browser+web.cordova/mt-os.osx.x86_64/dev_bundle/lib/node_modules/npm/node_modules/graceful-fs/graceful-fs.js:232:16
5 verbose cwd /Users/Snep/Google Drive/Web development/real-time-web/week-2/weekend-planner
6 error Darwin 15.4.0
7 error argv "node" "/Users/Snep/.meteor/packages/meteor-tool/.1.3.0_3.mer147++os.osx.x86_64+web.browser+web.cordova/mt-os.osx.x86_64/dev_bundle/bin/npm" "run" "lint"
8 error node v0.10.43
9 error npm  v2.14.22
10 error missing script: lint
11 error If you need help, you may report this error at:
11 error     <https://github.com/npm/npm/issues>
12 verbose exit [ 1, true ]
